2023-11-24 02:28:05,666 INFO  [restartedMain] com.rentacar.RentACarApplication:msg
2023-11-24 02:28:05,666 DEBUG [restartedMain] com.rentacar.RentACarApplication:msg
2023-11-24 02:28:05,667 INFO  [restartedMain] com.rentacar.RentACarApplication:msg
2023-11-24 02:28:05,700 INFO  [restartedMain] org.springframework.boot.devtools.env.DevToolsPropertyDefaultsPostProcessor:msg
2023-11-24 02:28:05,700 INFO  [restartedMain] org.springframework.boot.devtools.env.DevToolsPropertyDefaultsPostProcessor:msg
2023-11-24 02:28:06,380 INFO  [restartedMain] org.springframework.data.repository.config.RepositoryConfigurationDelegate:msg
2023-11-24 02:28:06,397 INFO  [restartedMain] org.springframework.data.repository.config.RepositoryConfigurationDelegate:msg
2023-11-24 02:28:06,973 INFO  [restartedMain] org.springframework.boot.web.embedded.tomcat.TomcatWebServer:msg
2023-11-24 02:28:06,981 INFO  [restartedMain] org.apache.catalina.core.StandardService:msg
2023-11-24 02:28:06,982 INFO  [restartedMain] org.apache.catalina.core.StandardEngine:msg
2023-11-24 02:28:07,022 INFO  [restartedMain] org.apache.catalina.core.ContainerBase.[Tomcat].[localhost].[/]:msg
2023-11-24 02:28:07,022 INFO  [restartedMain] org.springframework.boot.web.servlet.context.ServletWebServerApplicationContext:msg
2023-11-24 02:28:07,267 INFO  [restartedMain] org.hibernate.jpa.internal.util.LogHelper:msg
2023-11-24 02:28:07,325 INFO  [restartedMain] org.hibernate.Version:msg
2023-11-24 02:28:07,359 INFO  [restartedMain] org.hibernate.cache.internal.RegionFactoryInitiator:msg
2023-11-24 02:28:07,570 INFO  [restartedMain] org.springframework.orm.jpa.persistenceunit.SpringPersistenceUnitInfo:msg
2023-11-24 02:28:07,593 INFO  [restartedMain] com.zaxxer.hikari.HikariDataSource:msg
2023-11-24 02:28:07,684 INFO  [restartedMain] com.zaxxer.hikari.pool.HikariPool:msg
2023-11-24 02:28:07,685 INFO  [restartedMain] com.zaxxer.hikari.HikariDataSource:msg
2023-11-24 02:28:07,715 WARN  [restartedMain] org.hibernate.orm.deprecation:msg
2023-11-24 02:28:08,028 INFO  [restartedMain] org.hibernate.engine.transaction.jta.platform.internal.JtaPlatformInitiator:msg
2023-11-24 02:28:08,032 INFO  [restartedMain] org.springframework.orm.jpa.LocalContainerEntityManagerFactoryBean:msg
2023-11-24 02:28:08,102 WARN  [restartedMain] org.springframework.boot.autoconfigure.orm.jpa.JpaBaseConfiguration$JpaWebConfiguration:msg
2023-11-24 02:28:08,772 INFO  [restartedMain] org.springframework.boot.devtools.autoconfigure.OptionalLiveReloadServer:msg
2023-11-24 02:28:08,779 INFO  [restartedMain] org.springframework.boot.actuate.endpoint.web.EndpointLinksResolver:msg
2023-11-24 02:28:08,841 INFO  [restartedMain] org.springframework.boot.web.embedded.tomcat.TomcatWebServer:msg
2023-11-24 02:28:08,852 INFO  [restartedMain] com.rentacar.RentACarApplication:msg
2023-11-24 02:28:09,285 INFO  [RMI TCP Connection(2)-192.168.1.138] org.apache.catalina.core.ContainerBase.[Tomcat].[localhost].[/]:msg
2023-11-24 02:28:09,285 INFO  [RMI TCP Connection(2)-192.168.1.138] org.springframework.web.servlet.DispatcherServlet:msg
2023-11-24 02:28:09,286 INFO  [RMI TCP Connection(2)-192.168.1.138] org.springframework.web.servlet.DispatcherServlet:msg
2023-11-24 02:28:16,267 INFO  [File Watcher] org.springframework.boot.devtools.autoconfigure.LocalDevToolsAutoConfiguration$RestartingClassPathChangeChangedEventListener:msg
2023-11-24 02:28:16,287 INFO  [Thread-5] org.springframework.orm.jpa.LocalContainerEntityManagerFactoryBean:msg
2023-11-24 02:28:16,290 INFO  [Thread-5] com.zaxxer.hikari.HikariDataSource:msg
2023-11-24 02:28:16,294 INFO  [Thread-5] com.zaxxer.hikari.HikariDataSource:msg
2023-11-24 02:28:16,358 INFO  [restartedMain] com.rentacar.RentACarApplication:msg
2023-11-24 02:28:16,359 DEBUG [restartedMain] com.rentacar.RentACarApplication:msg
2023-11-24 02:28:16,359 INFO  [restartedMain] com.rentacar.RentACarApplication:msg
2023-11-24 02:28:16,590 INFO  [restartedMain] org.springframework.data.repository.config.RepositoryConfigurationDelegate:msg
2023-11-24 02:28:16,593 INFO  [restartedMain] org.springframework.data.repository.config.RepositoryConfigurationDelegate:msg
2023-11-24 02:28:16,719 INFO  [restartedMain] org.springframework.boot.web.embedded.tomcat.TomcatWebServer:msg
2023-11-24 02:28:16,719 INFO  [restartedMain] org.apache.catalina.core.StandardService:msg
2023-11-24 02:28:16,720 INFO  [restartedMain] org.apache.catalina.core.StandardEngine:msg
2023-11-24 02:28:16,732 INFO  [restartedMain] org.apache.catalina.core.ContainerBase.[Tomcat].[localhost].[/]:msg
2023-11-24 02:28:16,732 INFO  [restartedMain] org.springframework.boot.web.servlet.context.ServletWebServerApplicationContext:msg
2023-11-24 02:28:16,851 INFO  [restartedMain] org.hibernate.jpa.internal.util.LogHelper:msg
2023-11-24 02:28:16,853 INFO  [restartedMain] org.hibernate.cache.internal.RegionFactoryInitiator:msg
2023-11-24 02:28:16,857 INFO  [restartedMain] org.springframework.orm.jpa.persistenceunit.SpringPersistenceUnitInfo:msg
2023-11-24 02:28:16,858 INFO  [restartedMain] com.zaxxer.hikari.HikariDataSource:msg
2023-11-24 02:28:16,867 INFO  [restartedMain] com.zaxxer.hikari.pool.HikariPool:msg
2023-11-24 02:28:16,868 INFO  [restartedMain] com.zaxxer.hikari.HikariDataSource:msg
2023-11-24 02:28:16,871 WARN  [restartedMain] org.hibernate.orm.deprecation:msg
2023-11-24 02:28:16,880 INFO  [restartedMain] org.hibernate.engine.transaction.jta.platform.internal.JtaPlatformInitiator:msg
2023-11-24 02:28:16,880 INFO  [restartedMain] org.springframework.orm.jpa.LocalContainerEntityManagerFactoryBean:msg
2023-11-24 02:28:16,928 WARN  [restartedMain] org.springframework.boot.autoconfigure.orm.jpa.JpaBaseConfiguration$JpaWebConfiguration:msg
2023-11-24 02:28:17,327 INFO  [restartedMain] org.springframework.boot.devtools.autoconfigure.OptionalLiveReloadServer:msg
2023-11-24 02:28:17,332 INFO  [restartedMain] org.springframework.boot.actuate.endpoint.web.EndpointLinksResolver:msg
2023-11-24 02:28:17,355 INFO  [restartedMain] org.springframework.boot.web.embedded.tomcat.TomcatWebServer:msg
2023-11-24 02:28:17,361 INFO  [restartedMain] com.rentacar.RentACarApplication:msg
2023-11-24 02:28:17,363 INFO  [restartedMain] org.springframework.boot.devtools.autoconfigure.ConditionEvaluationDeltaLoggingListener:msg
2023-11-24 02:28:18,755 INFO  [File Watcher] org.springframework.boot.devtools.autoconfigure.LocalDevToolsAutoConfiguration$RestartingClassPathChangeChangedEventListener:msg
2023-11-24 02:28:18,765 INFO  [Thread-7] org.springframework.orm.jpa.LocalContainerEntityManagerFactoryBean:msg
2023-11-24 02:28:18,765 INFO  [Thread-7] com.zaxxer.hikari.HikariDataSource:msg
2023-11-24 02:28:18,767 INFO  [Thread-7] com.zaxxer.hikari.HikariDataSource:msg
2023-11-24 02:28:18,821 INFO  [restartedMain] com.rentacar.RentACarApplication:msg
2023-11-24 02:28:18,821 DEBUG [restartedMain] com.rentacar.RentACarApplication:msg
2023-11-24 02:28:18,821 INFO  [restartedMain] com.rentacar.RentACarApplication:msg
2023-11-24 02:28:18,985 INFO  [restartedMain] org.springframework.data.repository.config.RepositoryConfigurationDelegate:msg
2023-11-24 02:28:18,986 INFO  [restartedMain] org.springframework.data.repository.config.RepositoryConfigurationDelegate:msg
2023-11-24 02:28:19,094 INFO  [restartedMain] org.springframework.boot.web.embedded.tomcat.TomcatWebServer:msg
2023-11-24 02:28:19,095 INFO  [restartedMain] org.apache.catalina.core.StandardService:msg
2023-11-24 02:28:19,095 INFO  [restartedMain] org.apache.catalina.core.StandardEngine:msg
2023-11-24 02:28:19,106 INFO  [restartedMain] org.apache.catalina.core.ContainerBase.[Tomcat].[localhost].[/]:msg
2023-11-24 02:28:19,106 INFO  [restartedMain] org.springframework.boot.web.servlet.context.ServletWebServerApplicationContext:msg
2023-11-24 02:28:19,187 INFO  [restartedMain] org.hibernate.jpa.internal.util.LogHelper:msg
2023-11-24 02:28:19,190 INFO  [restartedMain] org.hibernate.cache.internal.RegionFactoryInitiator:msg
2023-11-24 02:28:19,196 INFO  [restartedMain] org.springframework.orm.jpa.persistenceunit.SpringPersistenceUnitInfo:msg
2023-11-24 02:28:19,197 INFO  [restartedMain] com.zaxxer.hikari.HikariDataSource:msg
2023-11-24 02:28:19,206 INFO  [restartedMain] com.zaxxer.hikari.pool.HikariPool:msg
2023-11-24 02:28:19,207 INFO  [restartedMain] com.zaxxer.hikari.HikariDataSource:msg
2023-11-24 02:28:19,209 WARN  [restartedMain] org.hibernate.orm.deprecation:msg
2023-11-24 02:28:19,217 INFO  [restartedMain] org.hibernate.engine.transaction.jta.platform.internal.JtaPlatformInitiator:msg
2023-11-24 02:28:19,217 INFO  [restartedMain] org.springframework.orm.jpa.LocalContainerEntityManagerFactoryBean:msg
2023-11-24 02:28:19,264 WARN  [restartedMain] org.springframework.boot.autoconfigure.orm.jpa.JpaBaseConfiguration$JpaWebConfiguration:msg
2023-11-24 02:28:19,670 INFO  [restartedMain] org.springframework.boot.devtools.autoconfigure.OptionalLiveReloadServer:msg
2023-11-24 02:28:19,675 INFO  [restartedMain] org.springframework.boot.actuate.endpoint.web.EndpointLinksResolver:msg
2023-11-24 02:28:19,703 INFO  [restartedMain] org.springframework.boot.web.embedded.tomcat.TomcatWebServer:msg
2023-11-24 02:28:19,709 INFO  [restartedMain] com.rentacar.RentACarApplication:msg
2023-11-24 02:28:19,711 INFO  [restartedMain] org.springframework.boot.devtools.autoconfigure.ConditionEvaluationDeltaLoggingListener:msg
2023-11-24 02:28:23,228 INFO  [http-nio-8080-exec-1] org.apache.catalina.core.ContainerBase.[Tomcat].[localhost].[/]:msg
2023-11-24 02:28:23,228 INFO  [http-nio-8080-exec-1] org.springframework.web.servlet.DispatcherServlet:msg
2023-11-24 02:28:23,229 INFO  [http-nio-8080-exec-1] org.springframework.web.servlet.DispatcherServlet:msg
2023-11-24 02:29:20,918 INFO  [File Watcher] org.springframework.boot.devtools.autoconfigure.LocalDevToolsAutoConfiguration$RestartingClassPathChangeChangedEventListener:msg
2023-11-24 02:29:20,928 INFO  [Thread-11] org.springframework.orm.jpa.LocalContainerEntityManagerFactoryBean:msg
2023-11-24 02:29:20,928 INFO  [Thread-11] com.zaxxer.hikari.HikariDataSource:msg
2023-11-24 02:29:20,929 INFO  [Thread-11] com.zaxxer.hikari.HikariDataSource:msg
2023-11-24 02:29:20,976 INFO  [restartedMain] com.rentacar.RentACarApplication:msg
2023-11-24 02:29:20,976 DEBUG [restartedMain] com.rentacar.RentACarApplication:msg
2023-11-24 02:29:20,976 INFO  [restartedMain] com.rentacar.RentACarApplication:msg
2023-11-24 02:29:21,125 INFO  [restartedMain] org.springframework.data.repository.config.RepositoryConfigurationDelegate:msg
2023-11-24 02:29:21,126 INFO  [restartedMain] org.springframework.data.repository.config.RepositoryConfigurationDelegate:msg
2023-11-24 02:29:21,224 INFO  [restartedMain] org.springframework.boot.web.embedded.tomcat.TomcatWebServer:msg
2023-11-24 02:29:21,224 INFO  [restartedMain] org.apache.catalina.core.StandardService:msg
2023-11-24 02:29:21,224 INFO  [restartedMain] org.apache.catalina.core.StandardEngine:msg
2023-11-24 02:29:21,236 INFO  [restartedMain] org.apache.catalina.core.ContainerBase.[Tomcat].[localhost].[/]:msg
2023-11-24 02:29:21,236 INFO  [restartedMain] org.springframework.boot.web.servlet.context.ServletWebServerApplicationContext:msg
2023-11-24 02:29:21,321 INFO  [restartedMain] org.hibernate.jpa.internal.util.LogHelper:msg
2023-11-24 02:29:21,322 INFO  [restartedMain] org.hibernate.cache.internal.RegionFactoryInitiator:msg
2023-11-24 02:29:21,324 INFO  [restartedMain] org.springframework.orm.jpa.persistenceunit.SpringPersistenceUnitInfo:msg
2023-11-24 02:29:21,324 INFO  [restartedMain] com.zaxxer.hikari.HikariDataSource:msg
2023-11-24 02:29:21,333 INFO  [restartedMain] com.zaxxer.hikari.pool.HikariPool:msg
2023-11-24 02:29:21,334 INFO  [restartedMain] com.zaxxer.hikari.HikariDataSource:msg
2023-11-24 02:29:21,336 WARN  [restartedMain] org.hibernate.orm.deprecation:msg
2023-11-24 02:29:21,343 INFO  [restartedMain] org.hibernate.engine.transaction.jta.platform.internal.JtaPlatformInitiator:msg
2023-11-24 02:29:21,343 INFO  [restartedMain] org.springframework.orm.jpa.LocalContainerEntityManagerFactoryBean:msg
2023-11-24 02:29:21,384 WARN  [restartedMain] org.springframework.boot.autoconfigure.orm.jpa.JpaBaseConfiguration$JpaWebConfiguration:msg
2023-11-24 02:29:21,751 INFO  [restartedMain] org.springframework.boot.devtools.autoconfigure.OptionalLiveReloadServer:msg
2023-11-24 02:29:21,756 INFO  [restartedMain] org.springframework.boot.actuate.endpoint.web.EndpointLinksResolver:msg
2023-11-24 02:29:21,777 INFO  [restartedMain] org.springframework.boot.web.embedded.tomcat.TomcatWebServer:msg
2023-11-24 02:29:21,783 INFO  [restartedMain] com.rentacar.RentACarApplication:msg
2023-11-24 02:29:21,784 INFO  [restartedMain] org.springframework.boot.devtools.autoconfigure.ConditionEvaluationDeltaLoggingListener:msg
2023-11-24 02:33:13,699 INFO  [SpringApplicationShutdownHook] org.springframework.orm.jpa.LocalContainerEntityManagerFactoryBean:msg
2023-11-24 02:33:13,701 INFO  [SpringApplicationShutdownHook] com.zaxxer.hikari.HikariDataSource:msg
2023-11-24 02:33:13,703 INFO  [SpringApplicationShutdownHook] com.zaxxer.hikari.HikariDataSource:msg
2023-11-24 02:33:33,359 INFO  [restartedMain] com.rentacar.RentACarApplication:msg
2023-11-24 02:33:33,361 DEBUG [restartedMain] com.rentacar.RentACarApplication:msg
2023-11-24 02:33:33,362 INFO  [restartedMain] com.rentacar.RentACarApplication:msg
2023-11-24 02:33:33,388 INFO  [restartedMain] org.springframework.boot.devtools.env.DevToolsPropertyDefaultsPostProcessor:msg
2023-11-24 02:33:33,389 INFO  [restartedMain] org.springframework.boot.devtools.env.DevToolsPropertyDefaultsPostProcessor:msg
2023-11-24 02:33:33,932 INFO  [restartedMain] org.springframework.data.repository.config.RepositoryConfigurationDelegate:msg
2023-11-24 02:33:33,952 INFO  [restartedMain] org.springframework.data.repository.config.RepositoryConfigurationDelegate:msg
2023-11-24 02:33:34,587 INFO  [restartedMain] org.springframework.boot.web.embedded.tomcat.TomcatWebServer:msg
2023-11-24 02:33:34,593 INFO  [restartedMain] org.apache.catalina.core.StandardService:msg
2023-11-24 02:33:34,593 INFO  [restartedMain] org.apache.catalina.core.StandardEngine:msg
2023-11-24 02:33:34,625 INFO  [restartedMain] org.apache.catalina.core.ContainerBase.[Tomcat].[localhost].[/]:msg
2023-11-24 02:33:34,625 INFO  [restartedMain] org.springframework.boot.web.servlet.context.ServletWebServerApplicationContext:msg
2023-11-24 02:33:34,831 INFO  [restartedMain] org.hibernate.jpa.internal.util.LogHelper:msg
2023-11-24 02:33:34,865 INFO  [restartedMain] org.hibernate.Version:msg
2023-11-24 02:33:34,888 INFO  [restartedMain] org.hibernate.cache.internal.RegionFactoryInitiator:msg
2023-11-24 02:33:35,036 INFO  [restartedMain] org.springframework.orm.jpa.persistenceunit.SpringPersistenceUnitInfo:msg
2023-11-24 02:33:35,053 INFO  [restartedMain] com.zaxxer.hikari.HikariDataSource:msg
2023-11-24 02:33:35,123 INFO  [restartedMain] com.zaxxer.hikari.pool.HikariPool:msg
2023-11-24 02:33:35,124 INFO  [restartedMain] com.zaxxer.hikari.HikariDataSource:msg
2023-11-24 02:33:35,145 WARN  [restartedMain] org.hibernate.orm.deprecation:msg
2023-11-24 02:33:35,356 INFO  [restartedMain] org.hibernate.engine.transaction.jta.platform.internal.JtaPlatformInitiator:msg
2023-11-24 02:33:35,360 INFO  [restartedMain] org.springframework.orm.jpa.LocalContainerEntityManagerFactoryBean:msg
2023-11-24 02:33:35,429 WARN  [restartedMain] org.springframework.boot.autoconfigure.orm.jpa.JpaBaseConfiguration$JpaWebConfiguration:msg
2023-11-24 02:33:36,051 INFO  [restartedMain] org.springframework.boot.devtools.autoconfigure.OptionalLiveReloadServer:msg
2023-11-24 02:33:36,057 INFO  [restartedMain] org.springframework.boot.actuate.endpoint.web.EndpointLinksResolver:msg
2023-11-24 02:33:36,115 INFO  [restartedMain] org.springframework.boot.web.embedded.tomcat.TomcatWebServer:msg
2023-11-24 02:33:36,126 INFO  [restartedMain] com.rentacar.RentACarApplication:msg
2023-11-24 04:25:00,307 INFO  [restartedMain] com.rentacar.RentACarApplication:msg
2023-11-24 04:25:00,309 DEBUG [restartedMain] com.rentacar.RentACarApplication:msg
2023-11-24 04:25:00,309 INFO  [restartedMain] com.rentacar.RentACarApplication:msg
2023-11-24 04:25:00,342 INFO  [restartedMain] org.springframework.boot.devtools.env.DevToolsPropertyDefaultsPostProcessor:msg
2023-11-24 04:25:00,342 INFO  [restartedMain] org.springframework.boot.devtools.env.DevToolsPropertyDefaultsPostProcessor:msg
2023-11-24 04:25:01,118 INFO  [restartedMain] org.springframework.data.repository.config.RepositoryConfigurationDelegate:msg
2023-11-24 04:25:01,161 INFO  [restartedMain] org.springframework.data.repository.config.RepositoryConfigurationDelegate:msg
2023-11-24 04:25:01,778 INFO  [restartedMain] org.springframework.boot.web.embedded.tomcat.TomcatWebServer:msg
2023-11-24 04:25:01,786 INFO  [restartedMain] org.apache.catalina.core.StandardService:msg
2023-11-24 04:25:01,786 INFO  [restartedMain] org.apache.catalina.core.StandardEngine:msg
2023-11-24 04:25:01,827 INFO  [restartedMain] org.apache.catalina.core.ContainerBase.[Tomcat].[localhost].[/]:msg
2023-11-24 04:25:01,827 INFO  [restartedMain] org.springframework.boot.web.servlet.context.ServletWebServerApplicationContext:msg
2023-11-24 04:25:02,067 INFO  [restartedMain] org.hibernate.jpa.internal.util.LogHelper:msg
2023-11-24 04:25:02,125 INFO  [restartedMain] org.hibernate.Version:msg
2023-11-24 04:25:02,159 INFO  [restartedMain] org.hibernate.cache.internal.RegionFactoryInitiator:msg
2023-11-24 04:25:02,358 INFO  [restartedMain] org.springframework.orm.jpa.persistenceunit.SpringPersistenceUnitInfo:msg
2023-11-24 04:25:02,379 INFO  [restartedMain] com.zaxxer.hikari.HikariDataSource:msg
2023-11-24 04:25:02,503 INFO  [restartedMain] com.zaxxer.hikari.pool.HikariPool:msg
2023-11-24 04:25:02,504 INFO  [restartedMain] com.zaxxer.hikari.HikariDataSource:msg
2023-11-24 04:25:02,544 WARN  [restartedMain] org.hibernate.orm.deprecation:msg
2023-11-24 04:25:03,142 INFO  [restartedMain] org.hibernate.engine.transaction.jta.platform.internal.JtaPlatformInitiator:msg
2023-11-24 04:25:03,223 INFO  [restartedMain] org.springframework.orm.jpa.LocalContainerEntityManagerFactoryBean:msg
2023-11-24 04:25:03,573 WARN  [restartedMain] org.springframework.boot.autoconfigure.orm.jpa.JpaBaseConfiguration$JpaWebConfiguration:msg
2023-11-24 04:25:04,220 INFO  [restartedMain] org.springframework.boot.devtools.autoconfigure.OptionalLiveReloadServer:msg
2023-11-24 04:25:04,226 INFO  [restartedMain] org.springframework.boot.actuate.endpoint.web.EndpointLinksResolver:msg
2023-11-24 04:25:04,285 INFO  [restartedMain] org.springframework.boot.web.embedded.tomcat.TomcatWebServer:msg
2023-11-24 04:25:04,296 INFO  [restartedMain] com.rentacar.RentACarApplication:msg
2023-11-24 04:25:04,859 INFO  [RMI TCP Connection(3)-192.168.1.138] org.apache.catalina.core.ContainerBase.[Tomcat].[localhost].[/]:msg
2023-11-24 04:25:04,859 INFO  [RMI TCP Connection(3)-192.168.1.138] org.springframework.web.servlet.DispatcherServlet:msg
2023-11-24 04:25:04,860 INFO  [RMI TCP Connection(3)-192.168.1.138] org.springframework.web.servlet.DispatcherServlet:msg
2023-11-24 04:25:20,566 INFO  [http-nio-8080-exec-7] org.springdoc.api.AbstractOpenApiResource:msg
2023-11-24 04:26:23,244 INFO  [SpringApplicationShutdownHook] org.springframework.orm.jpa.LocalContainerEntityManagerFactoryBean:msg
2023-11-24 04:26:23,247 INFO  [SpringApplicationShutdownHook] com.zaxxer.hikari.HikariDataSource:msg
2023-11-24 04:26:23,248 INFO  [SpringApplicationShutdownHook] com.zaxxer.hikari.HikariDataSource:msg
2023-11-24 04:28:03,592 INFO  [restartedMain] com.rentacar.RentACarApplication:msg
2023-11-24 04:28:03,593 DEBUG [restartedMain] com.rentacar.RentACarApplication:msg
2023-11-24 04:28:03,594 INFO  [restartedMain] com.rentacar.RentACarApplication:msg
2023-11-24 04:28:03,621 INFO  [restartedMain] org.springframework.boot.devtools.env.DevToolsPropertyDefaultsPostProcessor:msg
2023-11-24 04:28:03,622 INFO  [restartedMain] org.springframework.boot.devtools.env.DevToolsPropertyDefaultsPostProcessor:msg
2023-11-24 04:28:04,230 INFO  [restartedMain] org.springframework.data.repository.config.RepositoryConfigurationDelegate:msg
2023-11-24 04:28:04,263 INFO  [restartedMain] org.springframework.data.repository.config.RepositoryConfigurationDelegate:msg
2023-11-24 04:28:04,745 INFO  [restartedMain] org.springframework.boot.web.embedded.tomcat.TomcatWebServer:msg
2023-11-24 04:28:04,752 INFO  [restartedMain] org.apache.catalina.core.StandardService:msg
2023-11-24 04:28:04,752 INFO  [restartedMain] org.apache.catalina.core.StandardEngine:msg
2023-11-24 04:28:04,787 INFO  [restartedMain] org.apache.catalina.core.ContainerBase.[Tomcat].[localhost].[/]:msg
2023-11-24 04:28:04,787 INFO  [restartedMain] org.springframework.boot.web.servlet.context.ServletWebServerApplicationContext:msg
2023-11-24 04:28:05,013 INFO  [restartedMain] org.hibernate.jpa.internal.util.LogHelper:msg
2023-11-24 04:28:05,051 INFO  [restartedMain] org.hibernate.Version:msg
2023-11-24 04:28:05,074 INFO  [restartedMain] org.hibernate.cache.internal.RegionFactoryInitiator:msg
2023-11-24 04:28:05,230 INFO  [restartedMain] org.springframework.orm.jpa.persistenceunit.SpringPersistenceUnitInfo:msg
2023-11-24 04:28:05,248 INFO  [restartedMain] com.zaxxer.hikari.HikariDataSource:msg
2023-11-24 04:28:05,315 INFO  [restartedMain] com.zaxxer.hikari.pool.HikariPool:msg
2023-11-24 04:28:05,317 INFO  [restartedMain] com.zaxxer.hikari.HikariDataSource:msg
2023-11-24 04:28:05,339 WARN  [restartedMain] org.hibernate.orm.deprecation:msg
2023-11-24 04:28:05,851 INFO  [restartedMain] org.hibernate.engine.transaction.jta.platform.internal.JtaPlatformInitiator:msg
2023-11-24 04:28:05,913 INFO  [restartedMain] org.springframework.orm.jpa.LocalContainerEntityManagerFactoryBean:msg
2023-11-24 04:28:06,245 WARN  [restartedMain] org.springframework.boot.autoconfigure.orm.jpa.JpaBaseConfiguration$JpaWebConfiguration:msg
2023-11-24 04:28:06,870 INFO  [restartedMain] org.springframework.boot.devtools.autoconfigure.OptionalLiveReloadServer:msg
2023-11-24 04:28:06,875 INFO  [restartedMain] org.springframework.boot.actuate.endpoint.web.EndpointLinksResolver:msg
2023-11-24 04:28:06,935 INFO  [restartedMain] org.springframework.boot.web.embedded.tomcat.TomcatWebServer:msg
2023-11-24 04:28:06,946 INFO  [restartedMain] com.rentacar.RentACarApplication:msg
2023-11-24 04:28:07,519 INFO  [RMI TCP Connection(1)-192.168.1.138] org.apache.catalina.core.ContainerBase.[Tomcat].[localhost].[/]:msg
2023-11-24 04:28:07,520 INFO  [RMI TCP Connection(1)-192.168.1.138] org.springframework.web.servlet.DispatcherServlet:msg
2023-11-24 04:28:07,520 INFO  [RMI TCP Connection(1)-192.168.1.138] org.springframework.web.servlet.DispatcherServlet:msg
2023-11-24 04:28:08,870 INFO  [http-nio-8080-exec-5] org.springdoc.api.AbstractOpenApiResource:msg
2023-11-24 04:34:49,168 INFO  [File Watcher] org.springframework.boot.devtools.autoconfigure.LocalDevToolsAutoConfiguration$RestartingClassPathChangeChangedEventListener:msg
2023-11-24 04:34:49,191 INFO  [Thread-5] org.springframework.orm.jpa.LocalContainerEntityManagerFactoryBean:msg
2023-11-24 04:34:49,196 INFO  [Thread-5] com.zaxxer.hikari.HikariDataSource:msg
2023-11-24 04:34:49,199 INFO  [Thread-5] com.zaxxer.hikari.HikariDataSource:msg
2023-11-24 04:34:49,278 INFO  [restartedMain] com.rentacar.RentACarApplication:msg
2023-11-24 04:34:49,278 DEBUG [restartedMain] com.rentacar.RentACarApplication:msg
2023-11-24 04:34:49,278 INFO  [restartedMain] com.rentacar.RentACarApplication:msg
2023-11-24 04:34:49,578 INFO  [restartedMain] org.springframework.data.repository.config.RepositoryConfigurationDelegate:msg
2023-11-24 04:34:49,587 INFO  [restartedMain] org.springframework.data.repository.config.RepositoryConfigurationDelegate:msg
2023-11-24 04:34:49,749 INFO  [restartedMain] org.springframework.boot.web.embedded.tomcat.TomcatWebServer:msg
2023-11-24 04:34:49,750 INFO  [restartedMain] org.apache.catalina.core.StandardService:msg
2023-11-24 04:34:49,751 INFO  [restartedMain] org.apache.catalina.core.StandardEngine:msg
2023-11-24 04:34:49,764 INFO  [restartedMain] org.apache.catalina.core.ContainerBase.[Tomcat].[localhost].[/]:msg
2023-11-24 04:34:49,764 INFO  [restartedMain] org.springframework.boot.web.servlet.context.ServletWebServerApplicationContext:msg
2023-11-24 04:34:49,863 INFO  [restartedMain] org.hibernate.jpa.internal.util.LogHelper:msg
2023-11-24 04:34:49,866 INFO  [restartedMain] org.hibernate.cache.internal.RegionFactoryInitiator:msg
2023-11-24 04:34:49,868 INFO  [restartedMain] org.springframework.orm.jpa.persistenceunit.SpringPersistenceUnitInfo:msg
2023-11-24 04:34:49,868 INFO  [restartedMain] com.zaxxer.hikari.HikariDataSource:msg
2023-11-24 04:34:49,878 INFO  [restartedMain] com.zaxxer.hikari.pool.HikariPool:msg
2023-11-24 04:34:49,878 INFO  [restartedMain] com.zaxxer.hikari.HikariDataSource:msg
2023-11-24 04:34:49,880 WARN  [restartedMain] org.hibernate.orm.deprecation:msg
2023-11-24 04:34:49,901 INFO  [restartedMain] org.hibernate.engine.transaction.jta.platform.internal.JtaPlatformInitiator:msg
2023-11-24 04:34:49,911 INFO  [restartedMain] org.springframework.orm.jpa.LocalContainerEntityManagerFactoryBean:msg
2023-11-24 04:34:49,990 WARN  [restartedMain] org.springframework.boot.autoconfigure.orm.jpa.JpaBaseConfiguration$JpaWebConfiguration:msg
2023-11-24 04:34:50,512 INFO  [restartedMain] org.springframework.boot.devtools.autoconfigure.OptionalLiveReloadServer:msg
2023-11-24 04:34:50,517 INFO  [restartedMain] org.springframework.boot.actuate.endpoint.web.EndpointLinksResolver:msg
2023-11-24 04:34:50,543 INFO  [restartedMain] org.springframework.boot.web.embedded.tomcat.TomcatWebServer:msg
2023-11-24 04:34:50,550 INFO  [restartedMain] com.rentacar.RentACarApplication:msg
2023-11-24 04:34:50,553 INFO  [restartedMain] org.springframework.boot.devtools.autoconfigure.ConditionEvaluationDeltaLoggingListener:msg
2023-11-24 04:34:51,925 INFO  [File Watcher] org.springframework.boot.devtools.autoconfigure.LocalDevToolsAutoConfiguration$RestartingClassPathChangeChangedEventListener:msg
2023-11-24 04:34:51,935 INFO  [Thread-7] org.springframework.orm.jpa.LocalContainerEntityManagerFactoryBean:msg
2023-11-24 04:34:51,936 INFO  [Thread-7] com.zaxxer.hikari.HikariDataSource:msg
2023-11-24 04:34:51,936 INFO  [Thread-7] com.zaxxer.hikari.HikariDataSource:msg
2023-11-24 04:34:51,988 INFO  [restartedMain] com.rentacar.RentACarApplication:msg
2023-11-24 04:34:51,988 DEBUG [restartedMain] com.rentacar.RentACarApplication:msg
2023-11-24 04:34:51,989 INFO  [restartedMain] com.rentacar.RentACarApplication:msg
2023-11-24 04:34:52,159 INFO  [restartedMain] org.springframework.data.repository.config.RepositoryConfigurationDelegate:msg
2023-11-24 04:34:52,164 INFO  [restartedMain] org.springframework.data.repository.config.RepositoryConfigurationDelegate:msg
2023-11-24 04:34:52,266 INFO  [restartedMain] org.springframework.boot.web.embedded.tomcat.TomcatWebServer:msg
2023-11-24 04:34:52,267 INFO  [restartedMain] org.apache.catalina.core.StandardService:msg
2023-11-24 04:34:52,267 INFO  [restartedMain] org.apache.catalina.core.StandardEngine:msg
2023-11-24 04:34:52,283 INFO  [restartedMain] org.apache.catalina.core.ContainerBase.[Tomcat].[localhost].[/]:msg
2023-11-24 04:34:52,283 INFO  [restartedMain] org.springframework.boot.web.servlet.context.ServletWebServerApplicationContext:msg
2023-11-24 04:34:52,370 INFO  [restartedMain] org.hibernate.jpa.internal.util.LogHelper:msg
2023-11-24 04:34:52,371 INFO  [restartedMain] org.hibernate.cache.internal.RegionFactoryInitiator:msg
2023-11-24 04:34:52,373 INFO  [restartedMain] org.springframework.orm.jpa.persistenceunit.SpringPersistenceUnitInfo:msg
2023-11-24 04:34:52,373 INFO  [restartedMain] com.zaxxer.hikari.HikariDataSource:msg
2023-11-24 04:34:52,381 INFO  [restartedMain] com.zaxxer.hikari.pool.HikariPool:msg
2023-11-24 04:34:52,382 INFO  [restartedMain] com.zaxxer.hikari.HikariDataSource:msg
2023-11-24 04:34:52,384 WARN  [restartedMain] org.hibernate.orm.deprecation:msg
2023-11-24 04:34:52,402 INFO  [restartedMain] org.hibernate.engine.transaction.jta.platform.internal.JtaPlatformInitiator:msg
2023-11-24 04:34:52,411 INFO  [restartedMain] org.springframework.orm.jpa.LocalContainerEntityManagerFactoryBean:msg
2023-11-24 04:34:52,555 WARN  [restartedMain] org.springframework.boot.autoconfigure.orm.jpa.JpaBaseConfiguration$JpaWebConfiguration:msg
2023-11-24 04:34:52,927 INFO  [restartedMain] org.springframework.boot.devtools.autoconfigure.OptionalLiveReloadServer:msg
2023-11-24 04:34:52,931 INFO  [restartedMain] org.springframework.boot.actuate.endpoint.web.EndpointLinksResolver:msg
2023-11-24 04:34:52,956 INFO  [restartedMain] org.springframework.boot.web.embedded.tomcat.TomcatWebServer:msg
2023-11-24 04:34:52,969 INFO  [restartedMain] com.rentacar.RentACarApplication:msg
2023-11-24 04:34:52,971 INFO  [restartedMain] org.springframework.boot.devtools.autoconfigure.ConditionEvaluationDeltaLoggingListener:msg
2023-11-24 04:35:51,996 INFO  [http-nio-8080-exec-1] org.apache.catalina.core.ContainerBase.[Tomcat].[localhost].[/]:msg
2023-11-24 04:35:51,996 INFO  [http-nio-8080-exec-1] org.springframework.web.servlet.DispatcherServlet:msg
2023-11-24 04:35:51,997 INFO  [http-nio-8080-exec-1] org.springframework.web.servlet.DispatcherServlet:msg
2023-11-24 04:35:52,083 WARN  [http-nio-8080-exec-1] org.springframework.web.servlet.mvc.support.DefaultHandlerExceptionResolver:msg
2023-11-24 04:37:59,200 INFO  [SpringApplicationShutdownHook] org.springframework.orm.jpa.LocalContainerEntityManagerFactoryBean:msg
2023-11-24 04:37:59,201 INFO  [SpringApplicationShutdownHook] com.zaxxer.hikari.HikariDataSource:msg
2023-11-24 04:37:59,202 INFO  [SpringApplicationShutdownHook] com.zaxxer.hikari.HikariDataSource:msg
2023-11-24 04:38:02,079 INFO  [restartedMain] com.rentacar.RentACarApplication:msg
2023-11-24 04:38:02,080 DEBUG [restartedMain] com.rentacar.RentACarApplication:msg
2023-11-24 04:38:02,080 INFO  [restartedMain] com.rentacar.RentACarApplication:msg
2023-11-24 04:38:02,111 INFO  [restartedMain] org.springframework.boot.devtools.env.DevToolsPropertyDefaultsPostProcessor:msg
2023-11-24 04:38:02,112 INFO  [restartedMain] org.springframework.boot.devtools.env.DevToolsPropertyDefaultsPostProcessor:msg
2023-11-24 04:38:02,779 INFO  [restartedMain] org.springframework.data.repository.config.RepositoryConfigurationDelegate:msg
2023-11-24 04:38:02,817 INFO  [restartedMain] org.springframework.data.repository.config.RepositoryConfigurationDelegate:msg
2023-11-24 04:38:03,306 INFO  [restartedMain] org.springframework.boot.web.embedded.tomcat.TomcatWebServer:msg
2023-11-24 04:38:03,313 INFO  [restartedMain] org.apache.catalina.core.StandardService:msg
2023-11-24 04:38:03,313 INFO  [restartedMain] org.apache.catalina.core.StandardEngine:msg
2023-11-24 04:38:03,345 INFO  [restartedMain] org.apache.catalina.core.ContainerBase.[Tomcat].[localhost].[/]:msg
2023-11-24 04:38:03,345 INFO  [restartedMain] org.springframework.boot.web.servlet.context.ServletWebServerApplicationContext:msg
2023-11-24 04:38:03,580 INFO  [restartedMain] org.hibernate.jpa.internal.util.LogHelper:msg
2023-11-24 04:38:03,615 INFO  [restartedMain] org.hibernate.Version:msg
2023-11-24 04:38:03,642 INFO  [restartedMain] org.hibernate.cache.internal.RegionFactoryInitiator:msg
2023-11-24 04:38:03,795 INFO  [restartedMain] org.springframework.orm.jpa.persistenceunit.SpringPersistenceUnitInfo:msg
2023-11-24 04:38:03,814 INFO  [restartedMain] com.zaxxer.hikari.HikariDataSource:msg
2023-11-24 04:38:03,883 INFO  [restartedMain] com.zaxxer.hikari.pool.HikariPool:msg
2023-11-24 04:38:03,884 INFO  [restartedMain] com.zaxxer.hikari.HikariDataSource:msg
2023-11-24 04:38:03,904 WARN  [restartedMain] org.hibernate.orm.deprecation:msg
2023-11-24 04:38:04,424 INFO  [restartedMain] org.hibernate.engine.transaction.jta.platform.internal.JtaPlatformInitiator:msg
2023-11-24 04:38:04,454 INFO  [restartedMain] org.springframework.orm.jpa.LocalContainerEntityManagerFactoryBean:msg
2023-11-24 04:38:04,788 WARN  [restartedMain] org.springframework.boot.autoconfigure.orm.jpa.JpaBaseConfiguration$JpaWebConfiguration:msg
2023-11-24 04:38:05,456 INFO  [restartedMain] org.springframework.boot.devtools.autoconfigure.OptionalLiveReloadServer:msg
2023-11-24 04:38:05,463 INFO  [restartedMain] org.springframework.boot.actuate.endpoint.web.EndpointLinksResolver:msg
2023-11-24 04:38:05,526 INFO  [restartedMain] org.springframework.boot.web.embedded.tomcat.TomcatWebServer:msg
2023-11-24 04:38:05,538 INFO  [restartedMain] com.rentacar.RentACarApplication:msg
2023-11-24 04:38:05,720 INFO  [http-nio-8080-exec-1] org.apache.catalina.core.ContainerBase.[Tomcat].[localhost].[/]:msg
2023-11-24 04:38:05,720 INFO  [http-nio-8080-exec-1] org.springframework.web.servlet.DispatcherServlet:msg
2023-11-24 04:38:05,721 INFO  [http-nio-8080-exec-1] org.springframework.web.servlet.DispatcherServlet:msg
2023-11-24 04:38:06,063 INFO  [http-nio-8080-exec-4] org.springdoc.api.AbstractOpenApiResource:msg
2023-11-24 04:38:14,062 WARN  [http-nio-8080-exec-5] org.springframework.web.servlet.mvc.support.DefaultHandlerExceptionResolver:msg
2023-11-24 04:42:39,080 INFO  [File Watcher] org.springframework.boot.devtools.autoconfigure.LocalDevToolsAutoConfiguration$RestartingClassPathChangeChangedEventListener:msg
2023-11-24 04:42:39,096 INFO  [Thread-5] org.springframework.orm.jpa.LocalContainerEntityManagerFactoryBean:msg
2023-11-24 04:42:39,099 INFO  [Thread-5] com.zaxxer.hikari.HikariDataSource:msg
2023-11-24 04:42:39,101 INFO  [Thread-5] com.zaxxer.hikari.HikariDataSource:msg
2023-11-24 04:42:39,158 INFO  [restartedMain] com.rentacar.RentACarApplication:msg
2023-11-24 04:42:39,158 DEBUG [restartedMain] com.rentacar.RentACarApplication:msg
2023-11-24 04:42:39,159 INFO  [restartedMain] com.rentacar.RentACarApplication:msg
2023-11-24 04:42:39,335 INFO  [restartedMain] org.springframework.data.repository.config.RepositoryConfigurationDelegate:msg
2023-11-24 04:42:39,339 INFO  [restartedMain] org.springframework.data.repository.config.RepositoryConfigurationDelegate:msg
2023-11-24 04:42:39,437 INFO  [restartedMain] org.springframework.boot.web.embedded.tomcat.TomcatWebServer:msg
2023-11-24 04:42:39,437 INFO  [restartedMain] org.apache.catalina.core.StandardService:msg
2023-11-24 04:42:39,438 INFO  [restartedMain] org.apache.catalina.core.StandardEngine:msg
2023-11-24 04:42:39,449 INFO  [restartedMain] org.apache.catalina.core.ContainerBase.[Tomcat].[localhost].[/]:msg
2023-11-24 04:42:39,449 INFO  [restartedMain] org.springframework.boot.web.servlet.context.ServletWebServerApplicationContext:msg
2023-11-24 04:42:39,557 INFO  [restartedMain] org.hibernate.jpa.internal.util.LogHelper:msg
2023-11-24 04:42:39,558 INFO  [restartedMain] org.hibernate.cache.internal.RegionFactoryInitiator:msg
2023-11-24 04:42:39,560 INFO  [restartedMain] org.springframework.orm.jpa.persistenceunit.SpringPersistenceUnitInfo:msg
2023-11-24 04:42:39,561 INFO  [restartedMain] com.zaxxer.hikari.HikariDataSource:msg
2023-11-24 04:42:39,572 INFO  [restartedMain] com.zaxxer.hikari.pool.HikariPool:msg
2023-11-24 04:42:39,572 INFO  [restartedMain] com.zaxxer.hikari.HikariDataSource:msg
2023-11-24 04:42:39,574 WARN  [restartedMain] org.hibernate.orm.deprecation:msg
2023-11-24 04:42:39,594 INFO  [restartedMain] org.hibernate.engine.transaction.jta.platform.internal.JtaPlatformInitiator:msg
2023-11-24 04:42:39,604 INFO  [restartedMain] org.springframework.orm.jpa.LocalContainerEntityManagerFactoryBean:msg
2023-11-24 04:42:39,747 WARN  [restartedMain] org.springframework.boot.autoconfigure.orm.jpa.JpaBaseConfiguration$JpaWebConfiguration:msg
2023-11-24 04:42:40,127 INFO  [restartedMain] org.springframework.boot.devtools.autoconfigure.OptionalLiveReloadServer:msg
2023-11-24 04:42:40,132 INFO  [restartedMain] org.springframework.boot.actuate.endpoint.web.EndpointLinksResolver:msg
2023-11-24 04:42:40,160 INFO  [restartedMain] org.springframework.boot.web.embedded.tomcat.TomcatWebServer:msg
2023-11-24 04:42:40,167 INFO  [restartedMain] com.rentacar.RentACarApplication:msg
2023-11-24 04:42:40,169 INFO  [restartedMain] org.springframework.boot.devtools.autoconfigure.ConditionEvaluationDeltaLoggingListener:msg
2023-11-24 04:42:42,947 INFO  [http-nio-8080-exec-1] org.apache.catalina.core.ContainerBase.[Tomcat].[localhost].[/]:msg
2023-11-24 04:42:42,948 INFO  [http-nio-8080-exec-1] org.springframework.web.servlet.DispatcherServlet:msg
2023-11-24 04:42:42,949 INFO  [http-nio-8080-exec-1] org.springframework.web.servlet.DispatcherServlet:msg
